c:\users\user\source\repos\mfc+ffmpeg\mfc+ffmpeg\x64\debug\mfc+ffmpeg.pch
c:\users\user\source\repos\mfc+ffmpeg\mfc+ffmpeg\x64\debug\vc141.pdb
c:\users\user\source\repos\mfc+ffmpeg\mfc+ffmpeg\x64\debug\vc141.idb
c:\users\user\source\repos\mfc+ffmpeg\mfc+ffmpeg\x64\debug\pch.obj
c:\users\user\source\repos\mfc+ffmpeg\mfc+ffmpeg\x64\debug\mfc+ffmpegdlg.obj
c:\users\user\source\repos\mfc+ffmpeg\mfc+ffmpeg\x64\debug\mfc+ffmpeg.obj
c:\users\user\source\repos\mfc+ffmpeg\mfc+ffmpeg\x64\debug\mfcffmpeg.res
c:\users\user\source\repos\mfc+ffmpeg\x64\debug\mfc+ffmpeg.pdb
c:\users\user\source\repos\mfc+ffmpeg\mfc+ffmpeg\x64\debug\mfc+ffmpeg.tlog\cl.command.1.tlog
c:\users\user\source\repos\mfc+ffmpeg\mfc+ffmpeg\x64\debug\mfc+ffmpeg.tlog\cl.read.1.tlog
c:\users\user\source\repos\mfc+ffmpeg\mfc+ffmpeg\x64\debug\mfc+ffmpeg.tlog\cl.write.1.tlog
c:\users\user\source\repos\mfc+ffmpeg\mfc+ffmpeg\x64\debug\mfc+ffmpeg.tlog\link-cvtres.read.1.tlog
c:\users\user\source\repos\mfc+ffmpeg\mfc+ffmpeg\x64\debug\mfc+ffmpeg.tlog\link-cvtres.write.1.tlog
c:\users\user\source\repos\mfc+ffmpeg\mfc+ffmpeg\x64\debug\mfc+ffmpeg.tlog\link-mt.read.1.tlog
c:\users\user\source\repos\mfc+ffmpeg\mfc+ffmpeg\x64\debug\mfc+ffmpeg.tlog\link-mt.write.1.tlog
c:\users\user\source\repos\mfc+ffmpeg\mfc+ffmpeg\x64\debug\mfc+ffmpeg.tlog\link-rc.read.1.tlog
c:\users\user\source\repos\mfc+ffmpeg\mfc+ffmpeg\x64\debug\mfc+ffmpeg.tlog\link-rc.write.1.tlog
c:\users\user\source\repos\mfc+ffmpeg\mfc+ffmpeg\x64\debug\mfc+ffmpeg.tlog\link.command.1.tlog
c:\users\user\source\repos\mfc+ffmpeg\mfc+ffmpeg\x64\debug\mfc+ffmpeg.tlog\link.read.1.tlog
c:\users\user\source\repos\mfc+ffmpeg\mfc+ffmpeg\x64\debug\mfc+ffmpeg.tlog\link.write.1.tlog
c:\users\user\source\repos\mfc+ffmpeg\mfc+ffmpeg\x64\debug\mfc+ffmpeg.tlog\rc.command.1.tlog
c:\users\user\source\repos\mfc+ffmpeg\mfc+ffmpeg\x64\debug\mfc+ffmpeg.tlog\rc.read.1.tlog
c:\users\user\source\repos\mfc+ffmpeg\mfc+ffmpeg\x64\debug\mfc+ffmpeg.tlog\rc.write.1.tlog
